This file contains any messages produced by compilers while
running configure, to aid debugging if configure makes a mistake.

It was created by libsidplayfp configure 2.7.0, which was
generated by GNU Autoconf 2.71.  Invocation command line was

  $ ./configure

## --------- ##
## Platform. ##
## --------- ##

hostname = MacBook-Air-M2-de-Yohann.local
uname -m = arm64
uname -r = 23.4.0
uname -s = Darwin
uname -v = Darwin Kernel Version 23.4.0: Fri Mar 15 00:19:22 PDT 2024; root:xnu-10063.101.17~1/RELEASE_ARM64_T8112

/usr/bin/uname -p = arm
/bin/uname -X     = unknown

/bin/arch              = unknown
/usr/bin/arch -k       = unknown
/usr/convex/getsysinfo = unknown
/usr/bin/hostinfo      = Mach kernel version:
	 Darwin Kernel Version 23.4.0: Fri Mar 15 00:19:22 PDT 2024; root:xnu-10063.101.17~1/RELEASE_ARM64_T8112
Kernel configured for up to 8 processors.
8 processors are physically available.
8 processors are logically available.
Processor type: arm64e (ARM64E)
Processors active: 0 1 2 3 4 5 6 7
Primary memory available: 16.00 gigabytes
Default processor set: 651 tasks, 2958 threads, 8 processors
Load average: 1.81, Mach factor: 6.29
/bin/machine           = unknown
/usr/bin/oslevel       = unknown
/bin/universe          = unknown

PATH: /Users/yoyofr/Documents/dev/gl/depot_tools/
PATH: /Users/yoyofr/.pyenv/shims/
PATH: /Users/yoyofr/Documents/Dev/google_cloud/google-cloud-sdk/bin/
PATH: /Users/yoyofr/development/flutter/bin/
PATH: /opt/homebrew/bin/
PATH: /opt/homebrew/sbin/
PATH: /usr/local/bin/
PATH: /System/Cryptexes/App/usr/bin/
PATH: /usr/bin/
PATH: /bin/
PATH: /usr/sbin/
PATH: /sbin/
PATH: /var/run/com.apple.security.cryptexd/codex.system/bootstrap/usr/local/bin/
PATH: /var/run/com.apple.security.cryptexd/codex.system/bootstrap/usr/bin/
PATH: /var/run/com.apple.security.cryptexd/codex.system/bootstrap/usr/appleinternal/bin/
PATH: /Library/Apple/usr/bin/
PATH: /usr/local/share/dotnet/


## ----------- ##
## Core tests. ##
## ----------- ##

configure:3234: looking for aux files: compile ltmain.sh config.guess config.sub missing install-sh
configure:3247:  trying ./build-aux/
configure:3276:   ./build-aux/compile found
configure:3276:   ./build-aux/ltmain.sh found
configure:3276:   ./build-aux/config.guess found
configure:3276:   ./build-aux/config.sub found
configure:3276:   ./build-aux/missing found
configure:3258:   ./build-aux/install-sh found
configure:3410: checking for a BSD-compatible install
configure:3483: result: /usr/bin/install -c
configure:3494: checking whether build environment is sane
configure:3549: result: yes
configure:3708: checking for a race-free mkdir -p
configure:3752: result: ./build-aux/install-sh -c -d
configure:3759: checking for gawk
configure:3794: result: no
configure:3759: checking for mawk
configure:3794: result: no
configure:3759: checking for nawk
configure:3794: result: no
configure:3759: checking for awk
configure:3780: found /usr/bin/awk
configure:3791: result: awk
configure:3802: checking whether make sets $(MAKE)
configure:3825: result: yes
configure:3855: checking whether make supports nested variables
configure:3873: result: yes
configure:4023: checking build system type
configure:4038: result: aarch64-apple-darwin23.4.0
configure:4058: checking host system type
configure:4072: result: aarch64-apple-darwin23.4.0
configure:4166: checking how to print strings
configure:4193: result: printf
configure:4227: checking whether make supports the include directive
configure:4242: make -f confmf.GNU && cat confinc.out
this is the am__doit target
configure:4245: $? = 0
configure:4264: result: yes (GNU style)
configure:4340: checking for gcc
configure:4361: found /usr/bin/gcc
configure:4372: result: gcc
configure:4725: checking for C compiler version
configure:4734: gcc --version >&5
Apple clang version 15.0.0 (clang-1500.3.9.4)
Target: arm64-apple-darwin23.4.0
Thread model: posix
InstalledDir: /Applications/Xcode.app/Contents/Developer/Toolchains/XcodeDefault.xctoolchain/usr/bin
configure:4745: $? = 0
configure:4734: gcc -v >&5
Apple clang version 15.0.0 (clang-1500.3.9.4)
Target: arm64-apple-darwin23.4.0
Thread model: posix
InstalledDir: /Applications/Xcode.app/Contents/Developer/Toolchains/XcodeDefault.xctoolchain/usr/bin
configure:4745: $? = 0
configure:4734: gcc -V >&5
clang: error: argument to '-V' is missing (expected 1 value)
clang: error: no input files
configure:4745: $? = 1
configure:4734: gcc -qversion >&5
clang: error: unknown argument '-qversion'; did you mean '--version'?
clang: error: no input files
configure:4745: $? = 1
configure:4734: gcc -version >&5
clang: error: unknown argument '-version'; did you mean '--version'?
clang: error: no input files
configure:4745: $? = 1
configure:4765: checking whether the C compiler works
configure:4787: gcc    conftest.c  >&5
configure:4791: $? = 0
configure:4841: result: yes
configure:4844: checking for C compiler default output file name
configure:4846: result: a.out
configure:4852: checking for suffix of executables
configure:4859: gcc -o conftest    conftest.c  >&5
configure:4863: $? = 0
configure:4886: result: 
configure:4908: checking whether we are cross compiling
configure:4916: gcc -o conftest    conftest.c  >&5
configure:4920: $? = 0
configure:4927: ./conftest
configure:4931: $? = 0
configure:4946: result: no
configure:4951: checking for suffix of object files
configure:4974: gcc -c   conftest.c >&5
configure:4978: $? = 0
configure:5000: result: o
configure:5004: checking whether the compiler supports GNU C
configure:5024: gcc -c   conftest.c >&5
configure:5024: $? = 0
configure:5034: result: yes
configure:5045: checking whether gcc accepts -g
configure:5066: gcc -c -g  conftest.c >&5
configure:5066: $? = 0
configure:5110: result: yes
configure:5130: checking for gcc option to enable C11 features
configure:5145: gcc  -c -g -O2  conftest.c >&5
conftest.c:25:14: warning: a function definition without a prototype is deprecated in all versions of C and is not supported in C2x [-Wdeprecated-non-prototype]
static char *e (p, i)
             ^
1 warning generated.
configure:5145: $? = 0
configure:5163: result: none needed
configure:5279: checking whether gcc understands -c and -o together
configure:5302: gcc -c conftest.c -o conftest2.o
configure:5305: $? = 0
configure:5302: gcc -c conftest.c -o conftest2.o
configure:5305: $? = 0
configure:5317: result: yes
configure:5336: checking dependency style of gcc
configure:5448: result: gcc3
configure:5463: checking for a sed that does not truncate output
configure:5533: result: /usr/bin/sed
configure:5551: checking for grep that handles long lines and -e
configure:5615: result: /usr/bin/grep
configure:5620: checking for egrep
configure:5688: result: /usr/bin/grep -E
configure:5693: checking for fgrep
configure:5761: result: /usr/bin/grep -F
configure:5797: checking for ld used by gcc
configure:5865: result: /Applications/Xcode.app/Contents/Developer/Toolchains/XcodeDefault.xctoolchain/usr/bin/ld
configure:5872: checking if the linker (/Applications/Xcode.app/Contents/Developer/Toolchains/XcodeDefault.xctoolchain/usr/bin/ld) is GNU ld
configure:5888: result: no
configure:5900: checking for BSD- or MS-compatible name lister (nm)
configure:5955: result: /usr/bin/nm -B
configure:6095: checking the name lister (/usr/bin/nm -B) interface
configure:6103: gcc -c -g -O2  conftest.c >&5
configure:6106: /usr/bin/nm -B "conftest.o"
configure:6109: output
0000000000000250 S _some_variable
0000000000000000 t ltmp0
0000000000000250 s ltmp1
configure:6116: result: BSD nm
configure:6119: checking whether ln -s works
configure:6123: result: yes
configure:6131: checking the maximum length of command line arguments
configure:6263: result: 786432
configure:6311: checking how to convert aarch64-apple-darwin23.4.0 file names to aarch64-apple-darwin23.4.0 format
configure:6352: result: func_convert_file_noop
configure:6359: checking how to convert aarch64-apple-darwin23.4.0 file names to toolchain format
configure:6380: result: func_convert_file_noop
configure:6387: checking for /Applications/Xcode.app/Contents/Developer/Toolchains/XcodeDefault.xctoolchain/usr/bin/ld option to reload object files
configure:6395: result: -r
configure:6474: checking for objdump
configure:6495: found /usr/bin/objdump
configure:6506: result: objdump
configure:6535: checking how to recognize dependent libraries
configure:6736: result: pass_all
configure:6826: checking for dlltool
configure:6861: result: no
configure:6888: checking how to associate runtime and link libraries
configure:6916: result: printf %s\n
configure:6982: checking for ar
configure:7003: found /usr/bin/ar
configure:7014: result: ar
configure:7051: checking for archiver @FILE support
configure:7069: gcc -c -g -O2  conftest.c >&5
configure:7069: $? = 0
configure:7073: ar cr libconftest.a @conftest.lst >&5
ar: @conftest.lst: No such file or directory
configure:7076: $? = 1
configure:7096: result: no
configure:7159: checking for strip
configure:7180: found /usr/bin/strip
configure:7191: result: strip
configure:7268: checking for ranlib
configure:7289: found /usr/bin/ranlib
configure:7300: result: ranlib
configure:7402: checking command to parse /usr/bin/nm -B output from gcc object
configure:7556: gcc -c -g -O2  conftest.c >&5
configure:7559: $? = 0
configure:7563: /usr/bin/nm -B conftest.o | sed -n -e 's/^.*[	 ]\([ABCDGIRSTW][ABCDGIRSTW]*\)[	 ][	 ]*\([_A-Za-z][_A-Za-z0-9]*\)$/\1 \2 \2/p' | sed '/ __gnu_lto/d' > conftest.nm
cannot find nm_test_var in conftest.nm
configure:7556: gcc -c -g -O2  conftest.c >&5
configure:7559: $? = 0
configure:7563: /usr/bin/nm -B conftest.o | sed -n -e 's/^.*[	 ]\([ABCDGIRSTW][ABCDGIRSTW]*\)[	 ][	 ]*_\([_A-Za-z][_A-Za-z0-9]*\)$/\1 _\2 \2/p' | sed '/ __gnu_lto/d' > conftest.nm
configure:7629: gcc -o conftest -g -O2   conftest.c conftstm.o >&5
configure:7632: $? = 0
configure:7670: result: ok
configure:7717: checking for sysroot
configure:7748: result: no
configure:7755: checking for a working dd
configure:7799: result: /bin/dd
configure:7803: checking how to truncate binary pipes
configure:7819: result: /bin/dd bs=4096 count=1
configure:8156: checking for mt
configure:8191: result: no
configure:8211: checking if : is a manifest tool
configure:8218: : '-?'
configure:8226: result: no
configure:8287: checking for dsymutil
configure:8308: found /usr/bin/dsymutil
configure:8319: result: dsymutil
configure:8389: checking for nmedit
configure:8410: found /usr/bin/nmedit
configure:8421: result: nmedit
configure:8491: checking for lipo
configure:8512: found /usr/bin/lipo
configure:8523: result: lipo
configure:8593: checking for otool
configure:8614: found /usr/bin/otool
configure:8625: result: otool
configure:8695: checking for otool64
configure:8730: result: no
configure:8775: checking for -single_module linker flag
gcc -g -O2  -o libconftest.dylib -dynamiclib -Wl,-single_module conftest.c
ld: warning: -single_module is obsolete
configure:8809: result: no
configure:8812: checking for -exported_symbols_list linker flag
configure:8833: gcc -o conftest -g -O2   -Wl,-exported_symbols_list,conftest.sym conftest.c  >&5
configure:8833: $? = 0
configure:8844: result: yes
configure:8847: checking for -force_load linker flag
gcc -g -O2 -c -o conftest.o conftest.c
ar cr libconftest.a conftest.o
ranlib libconftest.a
gcc -g -O2  -o conftest conftest.c -Wl,-force_load,./libconftest.a
configure:8880: result: yes
configure:8956: checking for stdio.h
configure:8956: gcc -c -g -O2  conftest.c >&5
configure:8956: $? = 0
configure:8956: result: yes
configure:8956: checking for stdlib.h
configure:8956: gcc -c -g -O2  conftest.c >&5
configure:8956: $? = 0
configure:8956: result: yes
configure:8956: checking for string.h
configure:8956: gcc -c -g -O2  conftest.c >&5
configure:8956: $? = 0
configure:8956: result: yes
configure:8956: checking for inttypes.h
configure:8956: gcc -c -g -O2  conftest.c >&5
configure:8956: $? = 0
configure:8956: result: yes
configure:8956: checking for stdint.h
configure:8956: gcc -c -g -O2  conftest.c >&5
configure:8956: $? = 0
configure:8956: result: yes
configure:8956: checking for strings.h
configure:8956: gcc -c -g -O2  conftest.c >&5
configure:8956: $? = 0
configure:8956: result: yes
configure:8956: checking for sys/stat.h
configure:8956: gcc -c -g -O2  conftest.c >&5
configure:8956: $? = 0
configure:8956: result: yes
configure:8956: checking for sys/types.h
configure:8956: gcc -c -g -O2  conftest.c >&5
configure:8956: $? = 0
configure:8956: result: yes
configure:8956: checking for unistd.h
configure:8956: gcc -c -g -O2  conftest.c >&5
configure:8956: $? = 0
configure:8956: result: yes
configure:8981: checking for dlfcn.h
configure:8981: gcc -c -g -O2  conftest.c >&5
configure:8981: $? = 0
configure:8981: result: yes
configure:9568: checking for objdir
configure:9584: result: .libs
configure:9848: checking if gcc supports -fno-rtti -fno-exceptions
configure:9867: gcc -c -g -O2  -fno-rtti -fno-exceptions conftest.c >&5
configure:9871: $? = 0
configure:9884: result: yes
configure:10248: checking for gcc option to produce PIC
configure:10256: result: -fno-common -DPIC
configure:10264: checking if gcc PIC flag -fno-common -DPIC works
configure:10283: gcc -c -g -O2  -fno-common -DPIC -DPIC conftest.c >&5
configure:10287: $? = 0
configure:10300: result: yes
configure:10329: checking if gcc static flag -static works
configure:10358: result: no
configure:10373: checking if gcc supports -c -o file.o
configure:10395: gcc -c -g -O2  -o out/conftest2.o conftest.c >&5
configure:10399: $? = 0
configure:10421: result: yes
configure:10429: checking if gcc supports -c -o file.o
configure:10477: result: yes
configure:10510: checking whether the gcc linker (/Applications/Xcode.app/Contents/Developer/Toolchains/XcodeDefault.xctoolchain/usr/bin/ld) supports shared libraries
configure:11780: result: yes
configure:12021: checking dynamic linker characteristics
configure:12854: result: darwin23.4.0 dyld
configure:12976: checking how to hardcode library paths into programs
configure:13001: result: immediate
configure:13553: checking whether stripping libraries is possible
configure:13567: result: yes
configure:13593: checking if libtool supports shared libraries
configure:13595: result: yes
configure:13598: checking whether to build shared libraries
configure:13623: result: yes
configure:13626: checking whether to build static libraries
configure:13630: result: yes
configure:13737: checking for g++
configure:13758: found /usr/bin/g++
configure:13769: result: g++
configure:13796: checking for C++ compiler version
configure:13805: g++ --version >&5
Apple clang version 15.0.0 (clang-1500.3.9.4)
Target: arm64-apple-darwin23.4.0
Thread model: posix
InstalledDir: /Applications/Xcode.app/Contents/Developer/Toolchains/XcodeDefault.xctoolchain/usr/bin
configure:13816: $? = 0
configure:13805: g++ -v >&5
Apple clang version 15.0.0 (clang-1500.3.9.4)
Target: arm64-apple-darwin23.4.0
Thread model: posix
InstalledDir: /Applications/Xcode.app/Contents/Developer/Toolchains/XcodeDefault.xctoolchain/usr/bin
configure:13816: $? = 0
configure:13805: g++ -V >&5
clang: error: argument to '-V' is missing (expected 1 value)
clang: error: no input files
configure:13816: $? = 1
configure:13805: g++ -qversion >&5
clang: error: unknown argument '-qversion'; did you mean '--version'?
clang: error: no input files
configure:13816: $? = 1
configure:13820: checking whether the compiler supports GNU C++
configure:13840: g++ -c   conftest.cpp >&5
configure:13840: $? = 0
configure:13850: result: yes
configure:13861: checking whether g++ accepts -g
configure:13882: g++ -c -g  conftest.cpp >&5
configure:13882: $? = 0
configure:13926: result: yes
configure:13946: checking for g++ option to enable C++11 features
configure:13961: g++  -c -g -O2  conftest.cpp >&5
conftest.cpp:69:3: error: "Compiler does not advertise C++11 conformance"
# error "Compiler does not advertise C++11 conformance"
  ^
conftest.cpp:74:3: error: unknown type name 'constexpr'
  constexpr int get_val() { return 20; }
  ^
conftest.cpp:86:17: error: delegating constructors are permitted only in C++11
    delegate(): delegate(2354) {}
                ^~~~~~~~
conftest.cpp:97:26: warning: 'override' keyword is a C++11 extension [-Wc++11-extensions]
    virtual int getval() override final { return this->n * 2; }
                         ^
conftest.cpp:97:35: warning: 'final' keyword is a C++11 extension [-Wc++11-extensions]
    virtual int getval() override final { return this->n * 2; }
                                  ^
conftest.cpp:104:16: warning: defaulted function definitions are a C++11 extension [-Wc++11-extensions]
    nocopy() = default;
               ^
conftest.cpp:105:29: warning: deleted function definitions are a C++11 extension [-Wc++11-extensions]
    nocopy(const nocopy&) = delete;
                            ^
conftest.cpp:106:41: warning: deleted function definitions are a C++11 extension [-Wc++11-extensions]
    nocopy & operator=(const nocopy&) = delete;
                                        ^
conftest.cpp:118:25: warning: 'auto' type specifier is a C++11 extension [-Wc++11-extensions]
  template <typename V> auto sum(V first) -> V
                        ^
conftest.cpp:118:25: error: 'auto' not allowed in function return type
  template <typename V> auto sum(V first) -> V
                        ^~~~
conftest.cpp:118:42: error: expected ';' at end of declaration
  template <typename V> auto sum(V first) -> V
                                         ^
                                         ;
conftest.cpp:118:43: error: cannot use arrow operator on a type
  template <typename V> auto sum(V first) -> V
                                          ^
conftest.cpp:122:33: warning: variadic templates are a C++11 extension [-Wc++11-extensions]
  template <typename V, typename... Args> auto sum(V first, Args... rest) -> V
                                ^
conftest.cpp:122:43: warning: 'auto' type specifier is a C++11 extension [-Wc++11-extensions]
  template <typename V, typename... Args> auto sum(V first, Args... rest) -> V
                                          ^
conftest.cpp:122:43: error: 'auto' not allowed in function return type
  template <typename V, typename... Args> auto sum(V first, Args... rest) -> V
                                          ^~~~
conftest.cpp:122:74: error: expected ';' at end of declaration
  template <typename V, typename... Args> auto sum(V first, Args... rest) -> V
                                                                         ^
                                                                         ;
conftest.cpp:122:75: error: cannot use arrow operator on a type
  template <typename V, typename... Args> auto sum(V first, Args... rest) -> V
                                                                          ^
conftest.cpp:146:3: warning: 'auto' type specifier is a C++11 extension [-Wc++11-extensions]
  auto a1 = 6538;
  ^
conftest.cpp:147:3: warning: 'auto' type specifier is a C++11 extension [-Wc++11-extensions]
  auto a2 = 48573953.4;
  ^
conftest.cpp:148:3: warning: 'auto' type specifier is a C++11 extension [-Wc++11-extensions]
  auto a3 = "String literal";
  ^
conftest.cpp:151:8: warning: 'auto' type specifier is a C++11 extension [-Wc++11-extensions]
  for (auto i = a3; *i; ++i) { total += *i; }
       ^
conftest.cpp:167:8: warning: 'auto' type specifier is a C++11 extension [-Wc++11-extensions]
  for (auto &x : array) { x += 23; }
       ^
conftest.cpp:167:16: warning: range-based for loop is a C++11 extension [-Wc++11-extensions]
  for (auto &x : array) { x += 23; }
               ^
conftest.cpp:172:17: error: expected expression
  assert (eval ([](int x) { return x*2; }, 21) == 42);
                ^
conftest.cpp:174:17: error: expected expression
  assert (eval ([&](double x) { return d += x; }, 3.0) == 5.0);
                ^
conftest.cpp:176:17: error: expected expression
  assert (eval ([=](double x) mutable { return d += x; }, 4.0) == 9.0);
                ^
conftest.cpp:182:3: warning: 'auto' type specifier is a C++11 extension [-Wc++11-extensions]
  auto a = sum(1);
  ^
conftest.cpp:182:12: error: no matching function for call to 'sum'
  auto a = sum(1);
           ^~~
conftest.cpp:183:3: warning: 'auto' type specifier is a C++11 extension [-Wc++11-extensions]
  auto b = sum(1, 2);
  ^
conftest.cpp:183:12: error: no matching function for call to 'sum'
  auto b = sum(1, 2);
           ^~~
conftest.cpp:184:3: warning: 'auto' type specifier is a C++11 extension [-Wc++11-extensions]
  auto c = sum(1.0, 2.0, 3.0);
  ^
conftest.cpp:184:12: error: no matching function for call to 'sum'
  auto c = sum(1.0, 2.0, 3.0);
           ^~~
conftest.cpp:189:25: warning: empty parentheses interpreted as a function declaration [-Wvexing-parse]
  cxx11test::delegate d2();
                        ^~
conftest.cpp:189:25: note: remove parentheses to declare a variable
  cxx11test::delegate d2();
                        ^~
conftest.cpp:202:16: error: found '<::' after a template name which forms the digraph '<:' (aka '[') and a ':', did you mean '< ::'?
  test_template<::test_template<int>> v(test_template<int>(12));
               ^~~
               < ::
conftest.cpp:202:36: error: a space is required between consecutive right angle brackets (use '> >')
  test_template<::test_template<int>> v(test_template<int>(12));
                                   ^~
                                   > >
conftest.cpp:206:22: error: use of undeclared identifier 'u8'
  char const *utf8 = u8"UTF-8 string \u2500";
                     ^
conftest.cpp:206:24: error: expected ';' at end of declaration
  char const *utf8 = u8"UTF-8 string \u2500";
                       ^
                       ;
fatal error: too many errors emitted, stopping now [-ferror-limit=]
18 warnings and 20 errors generated.
configure:13961: $? = 1
configure: failed program was:
| /* confdefs.h */
| #define PACKAGE_NAME "libsidplayfp"
| #define PACKAGE_TARNAME "libsidplayfp"
| #define PACKAGE_VERSION "2.7.0"
| #define PACKAGE_STRING "libsidplayfp 2.7.0"
| #define PACKAGE_BUGREPORT ""
| #define PACKAGE_URL "https://github.com/libsidplayfp/libsidplayfp/"
| #define PACKAGE "libsidplayfp"
| #define VERSION "2.7.0"
| #define HAVE_STDIO_H 1
| #define HAVE_STDLIB_H 1
| #define HAVE_STRING_H 1
| #define HAVE_INTTYPES_H 1
| #define HAVE_STDINT_H 1
| #define HAVE_STRINGS_H 1
| #define HAVE_SYS_STAT_H 1
| #define HAVE_SYS_TYPES_H 1
| #define HAVE_UNISTD_H 1
| #define STDC_HEADERS 1
| #define HAVE_DLFCN_H 1
| #define LT_OBJDIR ".libs/"
| /* end confdefs.h.  */
| 
| // Does the compiler advertise C++98 conformance?
| #if !defined __cplusplus || __cplusplus < 199711L
| # error "Compiler does not advertise C++98 conformance"
| #endif
| 
| // These inclusions are to reject old compilers that
| // lack the unsuffixed header files.
| #include <cstdlib>
| #include <exception>
| 
| // <cassert> and <cstring> are *not* freestanding headers in C++98.
| extern void assert (int);
| namespace std {
|   extern int strcmp (const char *, const char *);
| }
| 
| // Namespaces, exceptions, and templates were all added after "C++ 2.0".
| using std::exception;
| using std::strcmp;
| 
| namespace {
| 
| void test_exception_syntax()
| {
|   try {
|     throw "test";
|   } catch (const char *s) {
|     // Extra parentheses suppress a warning when building autoconf itself,
|     // due to lint rules shared with more typical C programs.
|     assert (!(strcmp) (s, "test"));
|   }
| }
| 
| template <typename T> struct test_template
| {
|   T const val;
|   explicit test_template(T t) : val(t) {}
|   template <typename U> T add(U u) { return static_cast<T>(u) + val; }
| };
| 
| } // anonymous namespace
| 
| 
| // Does the compiler advertise C++ 2011 conformance?
| #if !defined __cplusplus || __cplusplus < 201103L
| # error "Compiler does not advertise C++11 conformance"
| #endif
| 
| namespace cxx11test
| {
|   constexpr int get_val() { return 20; }
| 
|   struct testinit
|   {
|     int i;
|     double d;
|   };
| 
|   class delegate
|   {
|   public:
|     delegate(int n) : n(n) {}
|     delegate(): delegate(2354) {}
| 
|     virtual int getval() { return this->n; };
|   protected:
|     int n;
|   };
| 
|   class overridden : public delegate
|   {
|   public:
|     overridden(int n): delegate(n) {}
|     virtual int getval() override final { return this->n * 2; }
|   };
| 
|   class nocopy
|   {
|   public:
|     nocopy(int i): i(i) {}
|     nocopy() = default;
|     nocopy(const nocopy&) = delete;
|     nocopy & operator=(const nocopy&) = delete;
|   private:
|     int i;
|   };
| 
|   // for testing lambda expressions
|   template <typename Ret, typename Fn> Ret eval(Fn f, Ret v)
|   {
|     return f(v);
|   }
| 
|   // for testing variadic templates and trailing return types
|   template <typename V> auto sum(V first) -> V
|   {
|     return first;
|   }
|   template <typename V, typename... Args> auto sum(V first, Args... rest) -> V
|   {
|     return first + sum(rest...);
|   }
| }
| 
| 
| int
| main (int argc, char **argv)
| {
|   int ok = 0;
|   
|   assert (argc);
|   assert (! argv[0]);
| {
|   test_exception_syntax ();
|   test_template<double> tt (2.0);
|   assert (tt.add (4) == 6.0);
|   assert (true && !false);
| }
| 
|   
| {
|   // Test auto and decltype
|   auto a1 = 6538;
|   auto a2 = 48573953.4;
|   auto a3 = "String literal";
| 
|   int total = 0;
|   for (auto i = a3; *i; ++i) { total += *i; }
| 
|   decltype(a2) a4 = 34895.034;
| }
| {
|   // Test constexpr
|   short sa[cxx11test::get_val()] = { 0 };
| }
| {
|   // Test initializer lists
|   cxx11test::testinit il = { 4323, 435234.23544 };
| }
| {
|   // Test range-based for
|   int array[] = {9, 7, 13, 15, 4, 18, 12, 10, 5, 3,
|                  14, 19, 17, 8, 6, 20, 16, 2, 11, 1};
|   for (auto &x : array) { x += 23; }
| }
| {
|   // Test lambda expressions
|   using cxx11test::eval;
|   assert (eval ([](int x) { return x*2; }, 21) == 42);
|   double d = 2.0;
|   assert (eval ([&](double x) { return d += x; }, 3.0) == 5.0);
|   assert (d == 5.0);
|   assert (eval ([=](double x) mutable { return d += x; }, 4.0) == 9.0);
|   assert (d == 5.0);
| }
| {
|   // Test use of variadic templates
|   using cxx11test::sum;
|   auto a = sum(1);
|   auto b = sum(1, 2);
|   auto c = sum(1.0, 2.0, 3.0);
| }
| {
|   // Test constructor delegation
|   cxx11test::delegate d1;
|   cxx11test::delegate d2();
|   cxx11test::delegate d3(45);
| }
| {
|   // Test override and final
|   cxx11test::overridden o1(55464);
| }
| {
|   // Test nullptr
|   char *c = nullptr;
| }
| {
|   // Test template brackets
|   test_template<::test_template<int>> v(test_template<int>(12));
| }
| {
|   // Unicode literals
|   char const *utf8 = u8"UTF-8 string \u2500";
|   char16_t const *utf16 = u"UTF-8 string \u2500";
|   char32_t const *utf32 = U"UTF-32 string \u2500";
| }
| 
|   return ok;
| }
| 
configure:13979: result: none needed
configure:14045: checking dependency style of g++
configure:14157: result: gcc3
configure:14190: checking how to run the C++ preprocessor
configure:14212: g++ -E  conftest.cpp
configure:14212: $? = 0
configure:14227: g++ -E  conftest.cpp
conftest.cpp:23:10: fatal error: 'ac_nonexistent.h' file not found
#include <ac_nonexistent.h>
         ^~~~~~~~~~~~~~~~~~
1 error generated.
configure:14227: $? = 1
configure: failed program was:
| /* confdefs.h */
| #define PACKAGE_NAME "libsidplayfp"
| #define PACKAGE_TARNAME "libsidplayfp"
| #define PACKAGE_VERSION "2.7.0"
| #define PACKAGE_STRING "libsidplayfp 2.7.0"
| #define PACKAGE_BUGREPORT ""
| #define PACKAGE_URL "https://github.com/libsidplayfp/libsidplayfp/"
| #define PACKAGE "libsidplayfp"
| #define VERSION "2.7.0"
| #define HAVE_STDIO_H 1
| #define HAVE_STDLIB_H 1
| #define HAVE_STRING_H 1
| #define HAVE_INTTYPES_H 1
| #define HAVE_STDINT_H 1
| #define HAVE_STRINGS_H 1
| #define HAVE_SYS_STAT_H 1
| #define HAVE_SYS_TYPES_H 1
| #define HAVE_UNISTD_H 1
| #define STDC_HEADERS 1
| #define HAVE_DLFCN_H 1
| #define LT_OBJDIR ".libs/"
| /* end confdefs.h.  */
| #include <ac_nonexistent.h>
configure:14254: result: g++ -E
configure:14268: g++ -E  conftest.cpp
configure:14268: $? = 0
configure:14283: g++ -E  conftest.cpp
conftest.cpp:23:10: fatal error: 'ac_nonexistent.h' file not found
#include <ac_nonexistent.h>
         ^~~~~~~~~~~~~~~~~~
1 error generated.
configure:14283: $? = 1
configure: failed program was:
| /* confdefs.h */
| #define PACKAGE_NAME "libsidplayfp"
| #define PACKAGE_TARNAME "libsidplayfp"
| #define PACKAGE_VERSION "2.7.0"
| #define PACKAGE_STRING "libsidplayfp 2.7.0"
| #define PACKAGE_BUGREPORT ""
| #define PACKAGE_URL "https://github.com/libsidplayfp/libsidplayfp/"
| #define PACKAGE "libsidplayfp"
| #define VERSION "2.7.0"
| #define HAVE_STDIO_H 1
| #define HAVE_STDLIB_H 1
| #define HAVE_STRING_H 1
| #define HAVE_INTTYPES_H 1
| #define HAVE_STDINT_H 1
| #define HAVE_STRINGS_H 1
| #define HAVE_SYS_STAT_H 1
| #define HAVE_SYS_TYPES_H 1
| #define HAVE_UNISTD_H 1
| #define STDC_HEADERS 1
| #define HAVE_DLFCN_H 1
| #define LT_OBJDIR ".libs/"
| /* end confdefs.h.  */
| #include <ac_nonexistent.h>
configure:14448: checking for ld used by g++
configure:14516: result: /Applications/Xcode.app/Contents/Developer/Toolchains/XcodeDefault.xctoolchain/usr/bin/ld
configure:14523: checking if the linker (/Applications/Xcode.app/Contents/Developer/Toolchains/XcodeDefault.xctoolchain/usr/bin/ld) is GNU ld
configure:14539: result: no
configure:14594: checking whether the g++ linker (/Applications/Xcode.app/Contents/Developer/Toolchains/XcodeDefault.xctoolchain/usr/bin/ld) supports shared libraries
configure:15671: result: yes
configure:15707: g++ -c -g -O2  conftest.cpp >&5
configure:15710: $? = 0
configure:16191: checking for g++ option to produce PIC
configure:16199: result: -fno-common -DPIC
configure:16207: checking if g++ PIC flag -fno-common -DPIC works
configure:16226: g++ -c -g -O2  -fno-common -DPIC -DPIC conftest.cpp >&5
configure:16230: $? = 0
configure:16243: result: yes
configure:16266: checking if g++ static flag -static works
configure:16295: result: no
configure:16307: checking if g++ supports -c -o file.o
configure:16329: g++ -c -g -O2  -o out/conftest2.o conftest.cpp >&5
configure:16333: $? = 0
configure:16355: result: yes
configure:16360: checking if g++ supports -c -o file.o
configure:16408: result: yes
configure:16438: checking whether the g++ linker (/Applications/Xcode.app/Contents/Developer/Toolchains/XcodeDefault.xctoolchain/usr/bin/ld) supports shared libraries
configure:16481: result: yes
configure:16623: checking dynamic linker characteristics
configure:17383: result: darwin23.4.0 dyld
configure:17448: checking how to hardcode library paths into programs
configure:17473: result: immediate
configure:17542: checking whether g++ supports C++17 features with -std=c++17
configure:18343: g++ -std=c++17 -c -g -O2  conftest.cpp >&5
configure:18343: $? = 0
configure:18353: result: yes
configure:19268: checking whether C++ compiler accepts -fvisibility=hidden -fvisibility-inlines-hidden
configure:19288: g++ -std=c++17 -c -g -O2  -fvisibility=hidden -fvisibility-inlines-hidden  conftest.cpp >&5
configure:19288: $? = 0
configure:19297: result: yes
configure:19315: checking whether byte ordering is bigendian
configure:19331: g++ -std=c++17 -c -g -O2  conftest.cpp >&5
configure:19331: $? = 0
configure:19377: g++ -std=c++17 -c -g -O2  conftest.cpp >&5
configure:19377: $? = 0
configure:19396: g++ -std=c++17 -c -g -O2  conftest.cpp >&5
conftest.cpp:31:11: error: expected ';' after expression
                 not big endian
                        ^
                        ;
conftest.cpp:31:8: error: use of undeclared identifier 'big'
                 not big endian
                     ^
conftest.cpp:31:12: error: use of undeclared identifier 'endian'
                 not big endian
                         ^
3 errors generated.
configure:19396: $? = 1
configure: failed program was:
| /* confdefs.h */
| #define PACKAGE_NAME "libsidplayfp"
| #define PACKAGE_TARNAME "libsidplayfp"
| #define PACKAGE_VERSION "2.7.0"
| #define PACKAGE_STRING "libsidplayfp 2.7.0"
| #define PACKAGE_BUGREPORT ""
| #define PACKAGE_URL "https://github.com/libsidplayfp/libsidplayfp/"
| #define PACKAGE "libsidplayfp"
| #define VERSION "2.7.0"
| #define HAVE_STDIO_H 1
| #define HAVE_STDLIB_H 1
| #define HAVE_STRING_H 1
| #define HAVE_INTTYPES_H 1
| #define HAVE_STDINT_H 1
| #define HAVE_STRINGS_H 1
| #define HAVE_SYS_STAT_H 1
| #define HAVE_SYS_TYPES_H 1
| #define HAVE_UNISTD_H 1
| #define STDC_HEADERS 1
| #define HAVE_DLFCN_H 1
| #define LT_OBJDIR ".libs/"
| #define HAVE_CXX17 1
| /* end confdefs.h.  */
| #include <sys/types.h>
| 		#include <sys/param.h>
| 
| int
| main (void)
| {
| #if BYTE_ORDER != BIG_ENDIAN
| 		 not big endian
| 		#endif
| 
|   ;
|   return 0;
| }
configure:19530: result: no
configure:19553: checking size of short
configure:19559: g++ -std=c++17 -o conftest -g -O2   conftest.cpp  >&5
configure:19559: $? = 0
configure:19559: ./conftest
configure:19559: $? = 0
configure:19574: result: 2
configure:19586: checking size of int
configure:19592: g++ -std=c++17 -o conftest -g -O2   conftest.cpp  >&5
configure:19592: $? = 0
configure:19592: ./conftest
configure:19592: $? = 0
configure:19607: result: 4
configure:19645: checking for g++ -std=c++17 option to support OpenMP
configure:19667: g++ -std=c++17 -c -g -O2   conftest.cpp >&5
conftest.cpp:28:2: error: "OpenMP not supported"
#error "OpenMP not supported"
 ^
conftest.cpp:30:10: fatal error: 'omp.h' file not found
#include <omp.h>
         ^~~~~~~
2 errors generated.
configure:19667: $? = 1
configure: failed program was:
| /* confdefs.h */
| #define PACKAGE_NAME "libsidplayfp"
| #define PACKAGE_TARNAME "libsidplayfp"
| #define PACKAGE_VERSION "2.7.0"
| #define PACKAGE_STRING "libsidplayfp 2.7.0"
| #define PACKAGE_BUGREPORT ""
| #define PACKAGE_URL "https://github.com/libsidplayfp/libsidplayfp/"
| #define PACKAGE "libsidplayfp"
| #define VERSION "2.7.0"
| #define HAVE_STDIO_H 1
| #define HAVE_STDLIB_H 1
| #define HAVE_STRING_H 1
| #define HAVE_INTTYPES_H 1
| #define HAVE_STDINT_H 1
| #define HAVE_STRINGS_H 1
| #define HAVE_SYS_STAT_H 1
| #define HAVE_SYS_TYPES_H 1
| #define HAVE_UNISTD_H 1
| #define STDC_HEADERS 1
| #define HAVE_DLFCN_H 1
| #define LT_OBJDIR ".libs/"
| #define HAVE_CXX17 1
| #define SIZEOF_SHORT 2
| #define SIZEOF_INT 4
| /* end confdefs.h.  */
| 
| #ifndef _OPENMP
| #error "OpenMP not supported"
| #endif
| #include <omp.h>
| int main (void) { return omp_get_num_threads (); }
| 
configure:19667: g++ -std=c++17 -c -g -O2 -fopenmp  conftest.cpp >&5
clang: error: unsupported option '-fopenmp'
configure:19667: $? = 1
configure: failed program was:
| /* confdefs.h */
| #define PACKAGE_NAME "libsidplayfp"
| #define PACKAGE_TARNAME "libsidplayfp"
| #define PACKAGE_VERSION "2.7.0"
| #define PACKAGE_STRING "libsidplayfp 2.7.0"
| #define PACKAGE_BUGREPORT ""
| #define PACKAGE_URL "https://github.com/libsidplayfp/libsidplayfp/"
| #define PACKAGE "libsidplayfp"
| #define VERSION "2.7.0"
| #define HAVE_STDIO_H 1
| #define HAVE_STDLIB_H 1
| #define HAVE_STRING_H 1
| #define HAVE_INTTYPES_H 1
| #define HAVE_STDINT_H 1
| #define HAVE_STRINGS_H 1
| #define HAVE_SYS_STAT_H 1
| #define HAVE_SYS_TYPES_H 1
| #define HAVE_UNISTD_H 1
| #define STDC_HEADERS 1
| #define HAVE_DLFCN_H 1
| #define LT_OBJDIR ".libs/"
| #define HAVE_CXX17 1
| #define SIZEOF_SHORT 2
| #define SIZEOF_INT 4
| /* end confdefs.h.  */
| 
| #ifndef _OPENMP
| #error "OpenMP not supported"
| #endif
| #include <omp.h>
| int main (void) { return omp_get_num_threads (); }
| 
configure:19667: g++ -std=c++17 -c -g -O2 -xopenmp  conftest.cpp >&5
clang: error: language not recognized: 'openmp'
clang: warning: conftest.cpp: 'linker' input unused [-Wunused-command-line-argument]
configure:19667: $? = 1
configure: failed program was:
| /* confdefs.h */
| #define PACKAGE_NAME "libsidplayfp"
| #define PACKAGE_TARNAME "libsidplayfp"
| #define PACKAGE_VERSION "2.7.0"
| #define PACKAGE_STRING "libsidplayfp 2.7.0"
| #define PACKAGE_BUGREPORT ""
| #define PACKAGE_URL "https://github.com/libsidplayfp/libsidplayfp/"
| #define PACKAGE "libsidplayfp"
| #define VERSION "2.7.0"
| #define HAVE_STDIO_H 1
| #define HAVE_STDLIB_H 1
| #define HAVE_STRING_H 1
| #define HAVE_INTTYPES_H 1
| #define HAVE_STDINT_H 1
| #define HAVE_STRINGS_H 1
| #define HAVE_SYS_STAT_H 1
| #define HAVE_SYS_TYPES_H 1
| #define HAVE_UNISTD_H 1
| #define STDC_HEADERS 1
| #define HAVE_DLFCN_H 1
| #define LT_OBJDIR ".libs/"
| #define HAVE_CXX17 1
| #define SIZEOF_SHORT 2
| #define SIZEOF_INT 4
| /* end confdefs.h.  */
| 
| #ifndef _OPENMP
| #error "OpenMP not supported"
| #endif
| #include <omp.h>
| int main (void) { return omp_get_num_threads (); }
| 
configure:19667: g++ -std=c++17 -c -g -O2 -openmp  conftest.cpp >&5
conftest.cpp:28:2: error: "OpenMP not supported"
#error "OpenMP not supported"
 ^
conftest.cpp:30:10: fatal error: 'omp.h' file not found
#include <omp.h>
         ^~~~~~~
2 errors generated.
configure:19667: $? = 1
configure: failed program was:
| /* confdefs.h */
| #define PACKAGE_NAME "libsidplayfp"
| #define PACKAGE_TARNAME "libsidplayfp"
| #define PACKAGE_VERSION "2.7.0"
| #define PACKAGE_STRING "libsidplayfp 2.7.0"
| #define PACKAGE_BUGREPORT ""
| #define PACKAGE_URL "https://github.com/libsidplayfp/libsidplayfp/"
| #define PACKAGE "libsidplayfp"
| #define VERSION "2.7.0"
| #define HAVE_STDIO_H 1
| #define HAVE_STDLIB_H 1
| #define HAVE_STRING_H 1
| #define HAVE_INTTYPES_H 1
| #define HAVE_STDINT_H 1
| #define HAVE_STRINGS_H 1
| #define HAVE_SYS_STAT_H 1
| #define HAVE_SYS_TYPES_H 1
| #define HAVE_UNISTD_H 1
| #define STDC_HEADERS 1
| #define HAVE_DLFCN_H 1
| #define LT_OBJDIR ".libs/"
| #define HAVE_CXX17 1
| #define SIZEOF_SHORT 2
| #define SIZEOF_INT 4
| /* end confdefs.h.  */
| 
| #ifndef _OPENMP
| #error "OpenMP not supported"
| #endif
| #include <omp.h>
| int main (void) { return omp_get_num_threads (); }
| 
configure:19667: g++ -std=c++17 -c -g -O2 -mp  conftest.cpp >&5
clang: error: unknown argument: '-mp'
configure:19667: $? = 1
configure: failed program was:
| /* confdefs.h */
| #define PACKAGE_NAME "libsidplayfp"
| #define PACKAGE_TARNAME "libsidplayfp"
| #define PACKAGE_VERSION "2.7.0"
| #define PACKAGE_STRING "libsidplayfp 2.7.0"
| #define PACKAGE_BUGREPORT ""
| #define PACKAGE_URL "https://github.com/libsidplayfp/libsidplayfp/"
| #define PACKAGE "libsidplayfp"
| #define VERSION "2.7.0"
| #define HAVE_STDIO_H 1
| #define HAVE_STDLIB_H 1
| #define HAVE_STRING_H 1
| #define HAVE_INTTYPES_H 1
| #define HAVE_STDINT_H 1
| #define HAVE_STRINGS_H 1
| #define HAVE_SYS_STAT_H 1
| #define HAVE_SYS_TYPES_H 1
| #define HAVE_UNISTD_H 1
| #define STDC_HEADERS 1
| #define HAVE_DLFCN_H 1
| #define LT_OBJDIR ".libs/"
| #define HAVE_CXX17 1
| #define SIZEOF_SHORT 2
| #define SIZEOF_INT 4
| /* end confdefs.h.  */
| 
| #ifndef _OPENMP
| #error "OpenMP not supported"
| #endif
| #include <omp.h>
| int main (void) { return omp_get_num_threads (); }
| 
configure:19667: g++ -std=c++17 -c -g -O2 -omp  conftest.cpp >&5
conftest.cpp:28:2: error: "OpenMP not supported"
#error "OpenMP not supported"
 ^
conftest.cpp:30:10: fatal error: 'omp.h' file not found
#include <omp.h>
         ^~~~~~~
2 errors generated.
configure:19667: $? = 1
configure: failed program was:
| /* confdefs.h */
| #define PACKAGE_NAME "libsidplayfp"
| #define PACKAGE_TARNAME "libsidplayfp"
| #define PACKAGE_VERSION "2.7.0"
| #define PACKAGE_STRING "libsidplayfp 2.7.0"
| #define PACKAGE_BUGREPORT ""
| #define PACKAGE_URL "https://github.com/libsidplayfp/libsidplayfp/"
| #define PACKAGE "libsidplayfp"
| #define VERSION "2.7.0"
| #define HAVE_STDIO_H 1
| #define HAVE_STDLIB_H 1
| #define HAVE_STRING_H 1
| #define HAVE_INTTYPES_H 1
| #define HAVE_STDINT_H 1
| #define HAVE_STRINGS_H 1
| #define HAVE_SYS_STAT_H 1
| #define HAVE_SYS_TYPES_H 1
| #define HAVE_UNISTD_H 1
| #define STDC_HEADERS 1
| #define HAVE_DLFCN_H 1
| #define LT_OBJDIR ".libs/"
| #define HAVE_CXX17 1
| #define SIZEOF_SHORT 2
| #define SIZEOF_INT 4
| /* end confdefs.h.  */
| 
| #ifndef _OPENMP
| #error "OpenMP not supported"
| #endif
| #include <omp.h>
| int main (void) { return omp_get_num_threads (); }
| 
configure:19667: g++ -std=c++17 -c -g -O2 -qsmp=omp  conftest.cpp >&5
clang: error: unknown argument: '-qsmp=omp'
configure:19667: $? = 1
configure: failed program was:
| /* confdefs.h */
| #define PACKAGE_NAME "libsidplayfp"
| #define PACKAGE_TARNAME "libsidplayfp"
| #define PACKAGE_VERSION "2.7.0"
| #define PACKAGE_STRING "libsidplayfp 2.7.0"
| #define PACKAGE_BUGREPORT ""
| #define PACKAGE_URL "https://github.com/libsidplayfp/libsidplayfp/"
| #define PACKAGE "libsidplayfp"
| #define VERSION "2.7.0"
| #define HAVE_STDIO_H 1
| #define HAVE_STDLIB_H 1
| #define HAVE_STRING_H 1
| #define HAVE_INTTYPES_H 1
| #define HAVE_STDINT_H 1
| #define HAVE_STRINGS_H 1
| #define HAVE_SYS_STAT_H 1
| #define HAVE_SYS_TYPES_H 1
| #define HAVE_UNISTD_H 1
| #define STDC_HEADERS 1
| #define HAVE_DLFCN_H 1
| #define LT_OBJDIR ".libs/"
| #define HAVE_CXX17 1
| #define SIZEOF_SHORT 2
| #define SIZEOF_INT 4
| /* end confdefs.h.  */
| 
| #ifndef _OPENMP
| #error "OpenMP not supported"
| #endif
| #include <omp.h>
| int main (void) { return omp_get_num_threads (); }
| 
configure:19667: g++ -std=c++17 -c -g -O2 -homp  conftest.cpp >&5
clang: error: unknown argument: '-homp'
configure:19667: $? = 1
configure: failed program was:
| /* confdefs.h */
| #define PACKAGE_NAME "libsidplayfp"
| #define PACKAGE_TARNAME "libsidplayfp"
| #define PACKAGE_VERSION "2.7.0"
| #define PACKAGE_STRING "libsidplayfp 2.7.0"
| #define PACKAGE_BUGREPORT ""
| #define PACKAGE_URL "https://github.com/libsidplayfp/libsidplayfp/"
| #define PACKAGE "libsidplayfp"
| #define VERSION "2.7.0"
| #define HAVE_STDIO_H 1
| #define HAVE_STDLIB_H 1
| #define HAVE_STRING_H 1
| #define HAVE_INTTYPES_H 1
| #define HAVE_STDINT_H 1
| #define HAVE_STRINGS_H 1
| #define HAVE_SYS_STAT_H 1
| #define HAVE_SYS_TYPES_H 1
| #define HAVE_UNISTD_H 1
| #define STDC_HEADERS 1
| #define HAVE_DLFCN_H 1
| #define LT_OBJDIR ".libs/"
| #define HAVE_CXX17 1
| #define SIZEOF_SHORT 2
| #define SIZEOF_INT 4
| /* end confdefs.h.  */
| 
| #ifndef _OPENMP
| #error "OpenMP not supported"
| #endif
| #include <omp.h>
| int main (void) { return omp_get_num_threads (); }
| 
configure:19667: g++ -std=c++17 -c -g -O2 -Popenmp  conftest.cpp >&5
clang: error: unknown argument '-Popenmp'; did you mean '-fopenmp'?
configure:19667: $? = 1
configure: failed program was:
| /* confdefs.h */
| #define PACKAGE_NAME "libsidplayfp"
| #define PACKAGE_TARNAME "libsidplayfp"
| #define PACKAGE_VERSION "2.7.0"
| #define PACKAGE_STRING "libsidplayfp 2.7.0"
| #define PACKAGE_BUGREPORT ""
| #define PACKAGE_URL "https://github.com/libsidplayfp/libsidplayfp/"
| #define PACKAGE "libsidplayfp"
| #define VERSION "2.7.0"
| #define HAVE_STDIO_H 1
| #define HAVE_STDLIB_H 1
| #define HAVE_STRING_H 1
| #define HAVE_INTTYPES_H 1
| #define HAVE_STDINT_H 1
| #define HAVE_STRINGS_H 1
| #define HAVE_SYS_STAT_H 1
| #define HAVE_SYS_TYPES_H 1
| #define HAVE_UNISTD_H 1
| #define STDC_HEADERS 1
| #define HAVE_DLFCN_H 1
| #define LT_OBJDIR ".libs/"
| #define HAVE_CXX17 1
| #define SIZEOF_SHORT 2
| #define SIZEOF_INT 4
| /* end confdefs.h.  */
| 
| #ifndef _OPENMP
| #error "OpenMP not supported"
| #endif
| #include <omp.h>
| int main (void) { return omp_get_num_threads (); }
| 
configure:19667: g++ -std=c++17 -c -g -O2 --openmp  conftest.cpp >&5
clang: error: unsupported option '--openmp'; did you mean '-fopenmp'?
configure:19667: $? = 1
configure: failed program was:
| /* confdefs.h */
| #define PACKAGE_NAME "libsidplayfp"
| #define PACKAGE_TARNAME "libsidplayfp"
| #define PACKAGE_VERSION "2.7.0"
| #define PACKAGE_STRING "libsidplayfp 2.7.0"
| #define PACKAGE_BUGREPORT ""
| #define PACKAGE_URL "https://github.com/libsidplayfp/libsidplayfp/"
| #define PACKAGE "libsidplayfp"
| #define VERSION "2.7.0"
| #define HAVE_STDIO_H 1
| #define HAVE_STDLIB_H 1
| #define HAVE_STRING_H 1
| #define HAVE_INTTYPES_H 1
| #define HAVE_STDINT_H 1
| #define HAVE_STRINGS_H 1
| #define HAVE_SYS_STAT_H 1
| #define HAVE_SYS_TYPES_H 1
| #define HAVE_UNISTD_H 1
| #define STDC_HEADERS 1
| #define HAVE_DLFCN_H 1
| #define LT_OBJDIR ".libs/"
| #define HAVE_CXX17 1
| #define SIZEOF_SHORT 2
| #define SIZEOF_INT 4
| /* end confdefs.h.  */
| 
| #ifndef _OPENMP
| #error "OpenMP not supported"
| #endif
| #include <omp.h>
| int main (void) { return omp_get_num_threads (); }
| 
configure:19702: result: unsupported
configure:19713: checking for g++ -std=c++17 options needed to detect all undeclared functions
configure:19735: g++ -std=c++17 -c -g -O2  conftest.cpp >&5
conftest.cpp:30:8: error: use of undeclared identifier 'strchr'
(void) strchr;
       ^
1 error generated.
configure:19735: $? = 1
configure: failed program was:
| /* confdefs.h */
| #define PACKAGE_NAME "libsidplayfp"
| #define PACKAGE_TARNAME "libsidplayfp"
| #define PACKAGE_VERSION "2.7.0"
| #define PACKAGE_STRING "libsidplayfp 2.7.0"
| #define PACKAGE_BUGREPORT ""
| #define PACKAGE_URL "https://github.com/libsidplayfp/libsidplayfp/"
| #define PACKAGE "libsidplayfp"
| #define VERSION "2.7.0"
| #define HAVE_STDIO_H 1
| #define HAVE_STDLIB_H 1
| #define HAVE_STRING_H 1
| #define HAVE_INTTYPES_H 1
| #define HAVE_STDINT_H 1
| #define HAVE_STRINGS_H 1
| #define HAVE_SYS_STAT_H 1
| #define HAVE_SYS_TYPES_H 1
| #define HAVE_UNISTD_H 1
| #define STDC_HEADERS 1
| #define HAVE_DLFCN_H 1
| #define LT_OBJDIR ".libs/"
| #define HAVE_CXX17 1
| #define SIZEOF_SHORT 2
| #define SIZEOF_INT 4
| /* end confdefs.h.  */
| 
| int
| main (void)
| {
| (void) strchr;
|   ;
|   return 0;
| }
configure:19762: g++ -std=c++17 -c -g -O2  conftest.cpp >&5
configure:19762: $? = 0
configure:19779: result: none needed
configure:19793: checking whether strcasecmp is declared
configure:19793: g++ -std=c++17 -c -g -O2   conftest.cpp >&5
configure:19793: $? = 0
configure:19793: result: yes
configure:19796: checking for strcasecmp
configure:19796: g++ -std=c++17 -o conftest -g -O2   conftest.cpp  >&5
configure:19796: $? = 0
configure:19796: result: yes
configure:19806: checking whether strncasecmp is declared
configure:19806: g++ -std=c++17 -c -g -O2   conftest.cpp >&5
configure:19806: $? = 0
configure:19806: result: yes
configure:19809: checking for strncasecmp
configure:19809: g++ -std=c++17 -o conftest -g -O2   conftest.cpp  >&5
configure:19809: $? = 0
configure:19809: result: yes
configure:19823: checking for xa
configure:19858: result: no
configure:19868: checking for od that supports -w
configure:19906: result: 
configure:19930: checking for debugging
configure:19943: result: Build without debugging messages
configure:20047: checking for working bool
configure:20064: g++ -std=c++17 -c -g -O2  conftest.cpp >&5
configure:20064: $? = 0
configure:20073: result: yes
configure:20102: checking for log1p
configure:20120: g++ -std=c++17 -c -g -O2  conftest.cpp >&5
configure:20120: $? = 0
configure:20130: result: yes
configure:20141: checking for __builtin_expect
configure:20151: g++ -std=c++17 -c -g -O2  conftest.cpp >&5
conftest.cpp:28:14: warning: ignoring return value of function declared with const attribute [-Wunused-value]
int main() { __builtin_expect(0, 0); }
             ^~~~~~~~~~~~~~~~ ~~~~
1 warning generated.
configure:20151: $? = 0
configure:20160: result: yes
configure:20176: checking for doxygen
configure:20197: found /opt/homebrew/bin/doxygen
configure:20208: result: doxygen
configure:20226: checking for dot
configure:20259: result: NO
configure:20372: checking for pkg-config
configure:20395: found /opt/homebrew/bin/pkg-config
configure:20407: result: /opt/homebrew/bin/pkg-config
configure:20432: checking pkg-config is at least version 0.9.0
configure:20435: result: yes
configure:20573: checking for libgcrypt >= 1.8
configure:20580: $PKG_CONFIG --exists --print-errors "libgcrypt >= 1.8"
Package libgcrypt was not found in the pkg-config search path.
Perhaps you should add the directory containing `libgcrypt.pc'
to the PKG_CONFIG_PATH environment variable
No package 'libgcrypt' found
configure:20583: $? = 1
configure:20597: $PKG_CONFIG --exists --print-errors "libgcrypt >= 1.8"
Package libgcrypt was not found in the pkg-config search path.
Perhaps you should add the directory containing `libgcrypt.pc'
to the PKG_CONFIG_PATH environment variable
No package 'libgcrypt' found
configure:20600: $? = 1
configure:20614: result: no
No package 'libgcrypt' found
configure:20705: checking for libexsid >= 2.0
configure:20712: $PKG_CONFIG --exists --print-errors "libexsid >= 2.0"
Package libexsid was not found in the pkg-config search path.
Perhaps you should add the directory containing `libexsid.pc'
to the PKG_CONFIG_PATH environment variable
No package 'libexsid' found
configure:20715: $? = 1
configure:20729: $PKG_CONFIG --exists --print-errors "libexsid >= 2.0"
Package libexsid was not found in the pkg-config search path.
Perhaps you should add the directory containing `libexsid.pc'
to the PKG_CONFIG_PATH environment variable
No package 'libexsid' found
configure:20732: $? = 1
configure:20746: result: no
No package 'libexsid' found
configure:20762: WARNING: No package 'libexsid' found - using internal driver
configure:20766: checking for library containing dlopen
configure:20795: g++ -std=c++17 -o conftest -g -O2   conftest.cpp  >&5
configure:20795: $? = 0
configure:20815: result: none required
configure:20831: checking for ftd2xx.h
configure:20831: g++ -std=c++17 -c -g -O2  conftest.cpp >&5
conftest.cpp:56:10: fatal error: 'ftd2xx.h' file not found
#include <ftd2xx.h>
         ^~~~~~~~~~
1 error generated.
configure:20831: $? = 1
configure: failed program was:
| /* confdefs.h */
| #define PACKAGE_NAME "libsidplayfp"
| #define PACKAGE_TARNAME "libsidplayfp"
| #define PACKAGE_VERSION "2.7.0"
| #define PACKAGE_STRING "libsidplayfp 2.7.0"
| #define PACKAGE_BUGREPORT ""
| #define PACKAGE_URL "https://github.com/libsidplayfp/libsidplayfp/"
| #define PACKAGE "libsidplayfp"
| #define VERSION "2.7.0"
| #define HAVE_STDIO_H 1
| #define HAVE_STDLIB_H 1
| #define HAVE_STRING_H 1
| #define HAVE_INTTYPES_H 1
| #define HAVE_STDINT_H 1
| #define HAVE_STRINGS_H 1
| #define HAVE_SYS_STAT_H 1
| #define HAVE_SYS_TYPES_H 1
| #define HAVE_UNISTD_H 1
| #define STDC_HEADERS 1
| #define HAVE_DLFCN_H 1
| #define LT_OBJDIR ".libs/"
| #define HAVE_CXX17 1
| #define SIZEOF_SHORT 2
| #define SIZEOF_INT 4
| #define HAVE_STRCASECMP 1
| #define HAVE_STRNCASECMP 1
| /* end confdefs.h.  */
| #include <stddef.h>
| #ifdef HAVE_STDIO_H
| # include <stdio.h>
| #endif
| #ifdef HAVE_STDLIB_H
| # include <stdlib.h>
| #endif
| #ifdef HAVE_STRING_H
| # include <string.h>
| #endif
| #ifdef HAVE_INTTYPES_H
| # include <inttypes.h>
| #endif
| #ifdef HAVE_STDINT_H
| # include <stdint.h>
| #endif
| #ifdef HAVE_STRINGS_H
| # include <strings.h>
| #endif
| #ifdef HAVE_SYS_TYPES_H
| # include <sys/types.h>
| #endif
| #ifdef HAVE_SYS_STAT_H
| # include <sys/stat.h>
| #endif
| #ifdef HAVE_UNISTD_H
| # include <unistd.h>
| #endif
| #include <ftd2xx.h>
configure:20831: result: no
configure:20841: WARNING: ftd2xx.h not found, support will not be available
configure:20847: checking for libftdi1
configure:20850: $PKG_CONFIG --exists --print-errors "libftdi1 >= 1.0"
Package libftdi1 was not found in the pkg-config search path.
Perhaps you should add the directory containing `libftdi1.pc'
to the PKG_CONFIG_PATH environment variable
No package 'libftdi1' found
configure:20853: $? = 1
configure:20864: WARNING: libftdi1 not found, support will not be available
configure:21023: checking how to run the C preprocessor
configure:21049: gcc -E  conftest.c
configure:21049: $? = 0
configure:21064: gcc -E  conftest.c
conftest.c:28:10: fatal error: 'ac_nonexistent.h' file not found
#include <ac_nonexistent.h>
         ^~~~~~~~~~~~~~~~~~
1 error generated.
configure:21064: $? = 1
configure: failed program was:
| /* confdefs.h */
| #define PACKAGE_NAME "libsidplayfp"
| #define PACKAGE_TARNAME "libsidplayfp"
| #define PACKAGE_VERSION "2.7.0"
| #define PACKAGE_STRING "libsidplayfp 2.7.0"
| #define PACKAGE_BUGREPORT ""
| #define PACKAGE_URL "https://github.com/libsidplayfp/libsidplayfp/"
| #define PACKAGE "libsidplayfp"
| #define VERSION "2.7.0"
| #define HAVE_STDIO_H 1
| #define HAVE_STDLIB_H 1
| #define HAVE_STRING_H 1
| #define HAVE_INTTYPES_H 1
| #define HAVE_STDINT_H 1
| #define HAVE_STRINGS_H 1
| #define HAVE_SYS_STAT_H 1
| #define HAVE_SYS_TYPES_H 1
| #define HAVE_UNISTD_H 1
| #define STDC_HEADERS 1
| #define HAVE_DLFCN_H 1
| #define LT_OBJDIR ".libs/"
| #define HAVE_CXX17 1
| #define SIZEOF_SHORT 2
| #define SIZEOF_INT 4
| #define HAVE_STRCASECMP 1
| #define HAVE_STRNCASECMP 1
| /* end confdefs.h.  */
| #include <ac_nonexistent.h>
configure:21091: result: gcc -E
configure:21105: gcc -E  conftest.c
configure:21105: $? = 0
configure:21120: gcc -E  conftest.c
conftest.c:28:10: fatal error: 'ac_nonexistent.h' file not found
#include <ac_nonexistent.h>
         ^~~~~~~~~~~~~~~~~~
1 error generated.
configure:21120: $? = 1
configure: failed program was:
| /* confdefs.h */
| #define PACKAGE_NAME "libsidplayfp"
| #define PACKAGE_TARNAME "libsidplayfp"
| #define PACKAGE_VERSION "2.7.0"
| #define PACKAGE_STRING "libsidplayfp 2.7.0"
| #define PACKAGE_BUGREPORT ""
| #define PACKAGE_URL "https://github.com/libsidplayfp/libsidplayfp/"
| #define PACKAGE "libsidplayfp"
| #define VERSION "2.7.0"
| #define HAVE_STDIO_H 1
| #define HAVE_STDLIB_H 1
| #define HAVE_STRING_H 1
| #define HAVE_INTTYPES_H 1
| #define HAVE_STDINT_H 1
| #define HAVE_STRINGS_H 1
| #define HAVE_SYS_STAT_H 1
| #define HAVE_SYS_TYPES_H 1
| #define HAVE_UNISTD_H 1
| #define STDC_HEADERS 1
| #define HAVE_DLFCN_H 1
| #define LT_OBJDIR ".libs/"
| #define HAVE_CXX17 1
| #define SIZEOF_SHORT 2
| #define SIZEOF_INT 4
| #define HAVE_STRCASECMP 1
| #define HAVE_STRNCASECMP 1
| /* end confdefs.h.  */
| #include <ac_nonexistent.h>
configure:21971: checking that generated files are newer than configure
configure:21977: result: done
configure:22049: creating ./config.status

## ---------------------- ##
## Running config.status. ##
## ---------------------- ##

This file was extended by libsidplayfp config.status 2.7.0, which was
generated by GNU Autoconf 2.71.  Invocation command line was

  CONFIG_FILES    = 
  CONFIG_HEADERS  = 
  CONFIG_LINKS    = 
  CONFIG_COMMANDS = 
  $ ./config.status 

on MacBook-Air-M2-de-Yohann.local

config.status:1213: creating Doxyfile
config.status:1213: creating Makefile
config.status:1213: creating libsidplayfp.pc
config.status:1213: creating libstilview.pc
config.status:1213: creating src/sidplayfp/sidversion.h
config.status:1213: creating src/builders/residfp-builder/residfp/siddefs-fp.h
config.status:1213: creating src/builders/resid-builder/resid/siddefs.h
config.status:1213: creating tests/Makefile
config.status:1213: creating src/config.h
config.status:1442: executing depfiles commands
config.status:1519: cd .       && sed -e '/# am--include-marker/d' Makefile         | make -f - am--depfiles
config.status:1524: $? = 0
config.status:1519: cd tests       && sed -e '/# am--include-marker/d' Makefile         | make -f - am--depfiles
config.status:1524: $? = 0
config.status:1442: executing libtool commands

## ---------------- ##
## Cache variables. ##
## ---------------- ##

ac_cv_build=aarch64-apple-darwin23.4.0
ac_cv_c_bigendian=no
ac_cv_c_compiler_gnu=yes
ac_cv_cxx_bool=yes
ac_cv_cxx_compiler_gnu=yes
ac_cv_cxx_undeclared_builtin_options='none needed'
ac_cv_env_CCC_set=
ac_cv_env_CCC_value=
ac_cv_env_CC_set=
ac_cv_env_CC_value=
ac_cv_env_CFLAGS_set=
ac_cv_env_CFLAGS_value=
ac_cv_env_CPPFLAGS_set=
ac_cv_env_CPPFLAGS_value=
ac_cv_env_CPP_set=
ac_cv_env_CPP_value=
ac_cv_env_CXXCPP_set=
ac_cv_env_CXXCPP_value=
ac_cv_env_CXXFLAGS_set=
ac_cv_env_CXXFLAGS_value=
ac_cv_env_CXX_set=
ac_cv_env_CXX_value=
ac_cv_env_EXSID_CFLAGS_set=
ac_cv_env_EXSID_CFLAGS_value=
ac_cv_env_EXSID_LIBS_set=
ac_cv_env_EXSID_LIBS_value=
ac_cv_env_LDFLAGS_set=
ac_cv_env_LDFLAGS_value=
ac_cv_env_LIBGCRYPT_CFLAGS_set=
ac_cv_env_LIBGCRYPT_CFLAGS_value=
ac_cv_env_LIBGCRYPT_LIBS_set=
ac_cv_env_LIBGCRYPT_LIBS_value=
ac_cv_env_LIBS_set=
ac_cv_env_LIBS_value=
ac_cv_env_LT_SYS_LIBRARY_PATH_set=
ac_cv_env_LT_SYS_LIBRARY_PATH_value=
ac_cv_env_PKG_CONFIG_LIBDIR_set=
ac_cv_env_PKG_CONFIG_LIBDIR_value=
ac_cv_env_PKG_CONFIG_PATH_set=
ac_cv_env_PKG_CONFIG_PATH_value=
ac_cv_env_PKG_CONFIG_set=
ac_cv_env_PKG_CONFIG_value=
ac_cv_env_UNITTEST_CFLAGS_set=
ac_cv_env_UNITTEST_CFLAGS_value=
ac_cv_env_UNITTEST_LIBS_set=
ac_cv_env_UNITTEST_LIBS_value=
ac_cv_env_build_alias_set=
ac_cv_env_build_alias_value=
ac_cv_env_host_alias_set=
ac_cv_env_host_alias_value=
ac_cv_env_target_alias_set=
ac_cv_env_target_alias_value=
ac_cv_func_strcasecmp=yes
ac_cv_func_strncasecmp=yes
ac_cv_have_decl_strcasecmp=yes
ac_cv_have_decl_strncasecmp=yes
ac_cv_header_dlfcn_h=yes
ac_cv_header_ftd2xx_h=no
ac_cv_header_inttypes_h=yes
ac_cv_header_stdint_h=yes
ac_cv_header_stdio_h=yes
ac_cv_header_stdlib_h=yes
ac_cv_header_string_h=yes
ac_cv_header_strings_h=yes
ac_cv_header_sys_stat_h=yes
ac_cv_header_sys_types_h=yes
ac_cv_header_unistd_h=yes
ac_cv_host=aarch64-apple-darwin23.4.0
ac_cv_objext=o
ac_cv_path_EGREP='/usr/bin/grep -E'
ac_cv_path_FGREP='/usr/bin/grep -F'
ac_cv_path_GREP=/usr/bin/grep
ac_cv_path_SED=/usr/bin/sed
ac_cv_path_ac_pt_PKG_CONFIG=/opt/homebrew/bin/pkg-config
ac_cv_path_install='/usr/bin/install -c'
ac_cv_path_lt_DD=/bin/dd
ac_cv_prog_AWK=awk
ac_cv_prog_CPP='gcc -E'
ac_cv_prog_CXXCPP='g++ -E'
ac_cv_prog_DOT=NO
ac_cv_prog_DOXYGEN=doxygen
ac_cv_prog_ac_ct_AR=ar
ac_cv_prog_ac_ct_CC=gcc
ac_cv_prog_ac_ct_CXX=g++
ac_cv_prog_ac_ct_DSYMUTIL=dsymutil
ac_cv_prog_ac_ct_LIPO=lipo
ac_cv_prog_ac_ct_NMEDIT=nmedit
ac_cv_prog_ac_ct_OBJDUMP=objdump
ac_cv_prog_ac_ct_OTOOL=otool
ac_cv_prog_ac_ct_RANLIB=ranlib
ac_cv_prog_ac_ct_STRIP=strip
ac_cv_prog_cc_c11=
ac_cv_prog_cc_g=yes
ac_cv_prog_cc_stdc=
ac_cv_prog_cxx_11=no
ac_cv_prog_cxx_g=yes
ac_cv_prog_cxx_openmp=unsupported
ac_cv_prog_cxx_stdcxx=
ac_cv_prog_make_make_set=yes
ac_cv_search_dlopen='none required'
ac_cv_sizeof_int=4
ac_cv_sizeof_short=2
am_cv_CC_dependencies_compiler_type=gcc3
am_cv_CXX_dependencies_compiler_type=gcc3
am_cv_make_support_nested_variables=yes
am_cv_prog_cc_c_o=yes
ax_cv_check_cxxflags___fvisibility_hidden__fvisibility_inlines_hidden=yes
ax_cv_cxx_compile_cxx17__std_cpp17=yes
lt_cv_apple_cc_single_mod=no
lt_cv_ar_at_file=no
lt_cv_deplibs_check_method=pass_all
lt_cv_file_magic_cmd='$MAGIC_CMD'
lt_cv_file_magic_test_file=
lt_cv_ld_exported_symbols_list=yes
lt_cv_ld_force_load=yes
lt_cv_ld_reload_flag=-r
lt_cv_nm_interface='BSD nm'
lt_cv_objdir=.libs
lt_cv_path_LD=/Applications/Xcode.app/Contents/Developer/Toolchains/XcodeDefault.xctoolchain/usr/bin/ld
lt_cv_path_LDCXX=/Applications/Xcode.app/Contents/Developer/Toolchains/XcodeDefault.xctoolchain/usr/bin/ld
lt_cv_path_NM='/usr/bin/nm -B'
lt_cv_path_mainfest_tool=no
lt_cv_prog_compiler_c_o=yes
lt_cv_prog_compiler_c_o_CXX=yes
lt_cv_prog_compiler_pic='-fno-common -DPIC'
lt_cv_prog_compiler_pic_CXX='-fno-common -DPIC'
lt_cv_prog_compiler_pic_works=yes
lt_cv_prog_compiler_pic_works_CXX=yes
lt_cv_prog_compiler_rtti_exceptions=yes
lt_cv_prog_compiler_static_works=no
lt_cv_prog_compiler_static_works_CXX=no
lt_cv_prog_gnu_ld=no
lt_cv_prog_gnu_ldcxx=no
lt_cv_sharedlib_from_linklib_cmd='printf %s\n'
lt_cv_sys_global_symbol_pipe='sed -n -e '\''s/^.*[	 ]\([ABCDGIRSTW][ABCDGIRSTW]*\)[	 ][	 ]*_\([_A-Za-z][_A-Za-z0-9]*\)$/\1 _\2 \2/p'\'' | sed '\''/ __gnu_lto/d'\'''
lt_cv_sys_global_symbol_to_c_name_address='sed -n -e '\''s/^: \(.*\) .*$/  {"\1", (void *) 0},/p'\'' -e '\''s/^[ABCDGIRSTW][ABCDGIRSTW]* .* \(.*\)$/  {"\1", (void *) \&\1},/p'\'''
lt_cv_sys_global_symbol_to_c_name_address_lib_prefix='sed -n -e '\''s/^: \(.*\) .*$/  {"\1", (void *) 0},/p'\'' -e '\''s/^[ABCDGIRSTW][ABCDGIRSTW]* .* \(lib.*\)$/  {"\1", (void *) \&\1},/p'\'' -e '\''s/^[ABCDGIRSTW][ABCDGIRSTW]* .* \(.*\)$/  {"lib\1", (void *) \&\1},/p'\'''
lt_cv_sys_global_symbol_to_cdecl='sed -n -e '\''s/^T .* \(.*\)$/extern int \1();/p'\'' -e '\''s/^[ABCDGIRSTW][ABCDGIRSTW]* .* \(.*\)$/extern char \1;/p'\'''
lt_cv_sys_global_symbol_to_import=
lt_cv_sys_max_cmd_len=786432
lt_cv_to_host_file_cmd=func_convert_file_noop
lt_cv_to_tool_file_cmd=func_convert_file_noop
lt_cv_truncate_bin='/bin/dd bs=4096 count=1'
resid_cv_builtin_expect=yes
resid_cv_log1p=yes

## ----------------- ##
## Output variables. ##
## ----------------- ##

ACLOCAL='${SHELL} '\''/Users/yoyofr/Downloads/libsidplayfp-2.7.0/build-aux/missing'\'' aclocal-1.16'
AMDEPBACKSLASH='\'
AMDEP_FALSE='#'
AMDEP_TRUE=''
AMTAR='$${TAR-tar}'
AM_BACKSLASH='\'
AM_DEFAULT_V='$(AM_DEFAULT_VERBOSITY)'
AM_DEFAULT_VERBOSITY='1'
AM_V='$(V)'
AR='ar'
AS='as'
AUTOCONF='${SHELL} '\''/Users/yoyofr/Downloads/libsidplayfp-2.7.0/build-aux/missing'\'' autoconf'
AUTOHEADER='${SHELL} '\''/Users/yoyofr/Downloads/libsidplayfp-2.7.0/build-aux/missing'\'' autoheader'
AUTOMAKE='${SHELL} '\''/Users/yoyofr/Downloads/libsidplayfp-2.7.0/build-aux/missing'\'' automake-1.16'
AWK='awk'
CC='gcc'
CCDEPMODE='depmode=gcc3'
CFLAGS='-g -O2'
CPP='gcc -E'
CPPFLAGS=''
CSCOPE='cscope'
CTAGS='ctags'
CXX='g++ -std=c++17'
CXXCPP='g++ -E -std=c++17'
CXXDEPMODE='depmode=gcc3'
CXXFLAGS='-g -O2'
CYGPATH_W='echo'
DEFS='-DHAVE_CONFIG_H'
DEPDIR='.deps'
DLLTOOL='false'
DOT='NO'
DOXYGEN='doxygen'
DSYMUTIL='dsymutil'
DUMPBIN=''
ECHO_C='\c'
ECHO_N=''
ECHO_T=''
EGREP='/usr/bin/grep -E'
ENABLE_TEST_FALSE=''
ENABLE_TEST_TRUE='#'
ETAGS='etags'
EXEEXT=''
EXSID_CFLAGS=''
EXSID_DRIVER_FALSE=''
EXSID_DRIVER_TRUE='#'
EXSID_LIBS=''
EXSID_SUPPORT_FALSE=''
EXSID_SUPPORT_TRUE='#'
FGREP='/usr/bin/grep -F'
FTDI_CFLAGS=''
GREP='/usr/bin/grep'
HARDSID_FALSE=''
HARDSID_TRUE='#'
HAVE_BOOL='1'
HAVE_BUILTIN_EXPECT='1'
HAVE_CXX11=''
HAVE_CXX14=''
HAVE_CXX17='1'
HAVE_DOXYGEN_FALSE='#'
HAVE_DOXYGEN_TRUE=''
HAVE_LOG1P='1'
HAVE_VISIBILITY_FALSE='#'
HAVE_VISIBILITY_TRUE=''
INSTALL_DATA='${INSTALL} -m 644'
INSTALL_PROGRAM='${INSTALL}'
INSTALL_SCRIPT='${INSTALL}'
INSTALL_STRIP_PROGRAM='$(install_sh) -c -s'
LD='/Applications/Xcode.app/Contents/Developer/Toolchains/XcodeDefault.xctoolchain/usr/bin/ld'
LDFLAGS=''
LIBGCRYPT_CFLAGS=''
LIBGCRYPT_FALSE=''
LIBGCRYPT_LIBS=''
LIBGCRYPT_TRUE='#'
LIBOBJS=''
LIBS=''
LIBSIDPLAYVERSION='10:30:4'
LIBSTILVIEWVERSION='0:4:0'
LIBTOOL='$(SHELL) $(top_builddir)/libtool'
LIB_LEVEL='0'
LIB_MAJOR='2'
LIB_MINOR='7'
LIPO='lipo'
LN_S='ln -s'
LTLIBOBJS=''
LT_SYS_LIBRARY_PATH=''
MACOS_FALSE='#'
MACOS_TRUE=''
MAKEINFO='${SHELL} '\''/Users/yoyofr/Downloads/libsidplayfp-2.7.0/build-aux/missing'\'' makeinfo'
MANIFEST_TOOL=':'
MINGW32_FALSE=''
MINGW32_TRUE='#'
MKDIR_P='./build-aux/install-sh -c -d'
NEW_8580_FILTER='1'
NEW_8580_FILTER_FALSE='#'
NEW_8580_FILTER_TRUE=''
NM='/usr/bin/nm -B'
NMEDIT='nmedit'
OBJDUMP='objdump'
OBJEXT='o'
OD=''
OPENMP_CXXFLAGS=''
OTOOL64=':'
OTOOL='otool'
PACKAGE='libsidplayfp'
PACKAGE_BUGREPORT=''
PACKAGE_NAME='libsidplayfp'
PACKAGE_STRING='libsidplayfp 2.7.0'
PACKAGE_TARNAME='libsidplayfp'
PACKAGE_URL='https://github.com/libsidplayfp/libsidplayfp/'
PACKAGE_VERSION='2.7.0'
PATH_SEPARATOR=':'
PKG_CONFIG='/opt/homebrew/bin/pkg-config'
PKG_CONFIG_LIBDIR=''
PKG_CONFIG_PATH=''
PTHREAD_CC=''
PTHREAD_CFLAGS=''
PTHREAD_LIBS=''
RANLIB='ranlib'
RESID_BRANCH_HINTS='1'
RESID_INLINE='inline'
RESID_INLINING='1'
SED='/usr/bin/sed'
SET_MAKE=''
SHELL='/bin/sh'
STRIP='strip'
TESTSUITE_FALSE=''
TESTSUITE_TRUE='#'
UNITTEST_CFLAGS=''
UNITTEST_LIBS=''
VERSION='2.7.0'
XA=''
ac_ct_AR='ar'
ac_ct_CC='gcc'
ac_ct_CXX='g++'
ac_ct_DUMPBIN=''
am__EXEEXT_FALSE=''
am__EXEEXT_TRUE='#'
am__fastdepCC_FALSE='#'
am__fastdepCC_TRUE=''
am__fastdepCXX_FALSE='#'
am__fastdepCXX_TRUE=''
am__include='include'
am__isrc=''
am__leading_dot='.'
am__nodep='_no'
am__quote=''
am__tar='$${TAR-tar} chof - "$$tardir"'
am__untar='$${TAR-tar} xf -'
ax_pthread_config=''
bindir='${exec_prefix}/bin'
build='aarch64-apple-darwin23.4.0'
build_alias=''
build_cpu='aarch64'
build_os='darwin23.4.0'
build_vendor='apple'
datadir='${datarootdir}'
datarootdir='${prefix}/share'
debug_flags='-DNDEBUG'
docdir='${datarootdir}/doc/${PACKAGE_TARNAME}'
dvidir='${docdir}'
exec_prefix='${prefix}'
host='aarch64-apple-darwin23.4.0'
host_alias=''
host_cpu='aarch64'
host_os='darwin23.4.0'
host_vendor='apple'
htmldir='${docdir}'
includedir='${prefix}/include'
infodir='${datarootdir}/info'
install_sh='${SHELL} /Users/yoyofr/Downloads/libsidplayfp-2.7.0/build-aux/install-sh'
libdir='${exec_prefix}/lib'
libexecdir='${exec_prefix}/libexec'
localedir='${datarootdir}/locale'
localstatedir='${prefix}/var'
mandir='${datarootdir}/man'
mkdir_p='$(MKDIR_P)'
oldincludedir='/usr/include'
pdfdir='${docdir}'
prefix='/usr/local'
program_transform_name='s,x,x,'
psdir='${docdir}'
runstatedir='${localstatedir}/run'
sbindir='${exec_prefix}/sbin'
sharedstatedir='${prefix}/com'
sysconfdir='${prefix}/etc'
target_alias=''

## ----------- ##
## confdefs.h. ##
## ----------- ##

/* confdefs.h */
#define PACKAGE_NAME "libsidplayfp"
#define PACKAGE_TARNAME "libsidplayfp"
#define PACKAGE_VERSION "2.7.0"
#define PACKAGE_STRING "libsidplayfp 2.7.0"
#define PACKAGE_BUGREPORT ""
#define PACKAGE_URL "https://github.com/libsidplayfp/libsidplayfp/"
#define PACKAGE "libsidplayfp"
#define VERSION "2.7.0"
#define HAVE_STDIO_H 1
#define HAVE_STDLIB_H 1
#define HAVE_STRING_H 1
#define HAVE_INTTYPES_H 1
#define HAVE_STDINT_H 1
#define HAVE_STRINGS_H 1
#define HAVE_SYS_STAT_H 1
#define HAVE_SYS_TYPES_H 1
#define HAVE_UNISTD_H 1
#define STDC_HEADERS 1
#define HAVE_DLFCN_H 1
#define LT_OBJDIR ".libs/"
#define HAVE_CXX17 1
#define SIZEOF_SHORT 2
#define SIZEOF_INT 4
#define HAVE_STRCASECMP 1
#define HAVE_STRNCASECMP 1
#define SHLIBEXT ".dylib"

configure: exit 0
